# JRE version: OpenJDK Runtime Environment Temurin-21.0.3+9 (21.0.3+9) (build 21.0.3+9-LTS)
# Java VM: OpenJDK 64-Bit Server VM Temurin-21.0.3+9 (21.0.3+9-LTS, mixed mode, sharing, tiered, compressed oops, compressed class ptrs, g1 gc, windows-amd64)
GC Precious Log:
 CardTable entry size: 512
 Card Set container configuration: InlinePtr #cards 5 size 8 Array Of Cards #cards 12 size 40 Howl #buckets 4 coarsen threshold 1843 Howl Bitmap #cards 512 size 80 coarsen threshold 460 Card regions per heap region 1 cards per card region 2048
 CPUs: 8 total, 8 available
 Memory: 7969M
 Large Page Support: Disabled
 NUMA Support: Disabled
 Compressed Oops: Enabled (32-bit)
 Heap Region Size: 1M
 Heap Min Capacity: 8M
 Heap Initial Capacity: 126M
 Heap Max Capacity: 1994M
 Pre-touch: Disabled
 Parallel Workers: 8
 Concurrent Workers: 2
 Concurrent Refinement Workers: 8
 Periodic GC: Disabled
Heap:
 garbage-first heap   total 79872K, used 43678K [0x0000000083600000, 0x0000000100000000)
  region size 1024K, 7 young (7168K), 1 survivors (1024K)
 Metaspace       used 93447K, committed 94336K, reserved 1179648K
  class space    used 12495K, committed 13056K, reserved 1048576K
GC Heap History (20 events):
Event: 14599.348 GC heap before
{Heap before GC invocations=75 (full 0):
 garbage-first heap   total 79872K, used 73139K [0x0000000083600000, 0x0000000100000000)
  region size 1024K, 34 young (34816K), 1 survivors (1024K)
 Metaspace       used 93439K, committed 94336K, reserved 1179648K
  class space    used 12495K, committed 13056K, reserved 1048576K
}
Event: 14599.351 GC heap after
{Heap after GC invocations=76 (full 0):
 garbage-first heap   total 79872K, used 39059K [0x0000000083600000, 0x0000000100000000)
  region size 1024K, 1 young (1024K), 1 survivors (1024K)
 Metaspace       used 93439K, committed 94336K, reserved 1179648K
  class space    used 12495K, committed 13056K, reserved 1048576K
}
Event: 14600.230 GC heap before
{Heap before GC invocations=76 (full 0):
 garbage-first heap   total 79872K, used 72851K [0x0000000083600000, 0x0000000100000000)
  region size 1024K, 34 young (34816K), 1 survivors (1024K)
 Metaspace       used 93440K, committed 94336K, reserved 1179648K
  class space    used 12495K, committed 13056K, reserved 1048576K
}
Event: 14600.232 GC heap after
{Heap after GC invocations=77 (full 0):
 garbage-first heap   total 79872K, used 39000K [0x0000000083600000, 0x0000000100000000)
  region size 1024K, 1 young (1024K), 1 survivors (1024K)
 Metaspace       used 93440K, committed 94336K, reserved 1179648K
  class space    used 12495K, committed 13056K, reserved 1048576K
}
Event: 14601.243 GC heap before
{Heap before GC invocations=78 (full 0):
 garbage-first heap   total 79872K, used 72792K [0x0000000083600000, 0x0000000100000000)
  region size 1024K, 34 young (34816K), 1 survivors (1024K)
 Metaspace       used 93446K, committed 94336K, reserved 1179648K
  class space    used 12495K, committed 13056K, reserved 1048576K
}
Event: 14601.245 GC heap after
{Heap after GC invocations=79 (full 0):
 garbage-first heap   total 79872K, used 38973K [0x0000000083600000, 0x0000000100000000)
  region size 1024K, 1 young (1024K), 1 survivors (1024K)
 Metaspace       used 93446K, committed 94336K, reserved 1179648K
  class space    used 12495K, committed 13056K, reserved 1048576K
}
Event: 14602.182 GC heap before
{Heap before GC invocations=79 (full 0):
 garbage-first heap   total 79872K, used 72765K [0x0000000083600000, 0x0000000100000000)
  region size 1024K, 34 young (34816K), 1 survivors (1024K)
 Metaspace       used 93446K, committed 94336K, reserved 1179648K
  class space    used 12495K, committed 13056K, reserved 1048576K
}
Event: 14602.185 GC heap after
{Heap after GC invocations=80 (full 0):
 garbage-first heap   total 79872K, used 38784K [0x0000000083600000, 0x0000000100000000)
  region size 1024K, 1 young (1024K), 1 survivors (1024K)
 Metaspace       used 93446K, committed 94336K, reserved 1179648K
  class space    used 12495K, committed 13056K, reserved 1048576K
}
Event: 14603.047 GC heap before
{Heap before GC invocations=80 (full 0):
 garbage-first heap   total 79872K, used 72576K [0x0000000083600000, 0x0000000100000000)
  region size 1024K, 34 young (34816K), 1 survivors (1024K)
 Metaspace       used 93446K, committed 94336K, reserved 1179648K
  class space    used 12495K, committed 13056K, reserved 1048576K
}
Event: 14603.049 GC heap after
{Heap after GC invocations=81 (full 0):
 garbage-first heap   total 79872K, used 38852K [0x0000000083600000, 0x0000000100000000)
  region size 1024K, 1 young (1024K), 1 survivors (1024K)
 Metaspace       used 93446K, committed 94336K, reserved 1179648K
  class space    used 12495K, committed 13056K, reserved 1048576K
}
Event: 14603.995 GC heap before
{Heap before GC invocations=82 (full 0):
 garbage-first heap   total 79872K, used 72644K [0x0000000083600000, 0x0000000100000000)
  region size 1024K, 34 young (34816K), 1 survivors (1024K)
 Metaspace       used 93446K, committed 94336K, reserved 1179648K
  class space    used 12495K, committed 13056K, reserved 1048576K
}
Event: 14603.997 GC heap after
{Heap after GC invocations=83 (full 0):
 garbage-first heap   total 79872K, used 38855K [0x0000000083600000, 0x0000000100000000)
  region size 1024K, 1 young (1024K), 1 survivors (1024K)
 Metaspace       used 93446K, committed 94336K, reserved 1179648K
  class space    used 12495K, committed 13056K, reserved 1048576K
}
Event: 14604.975 GC heap before
{Heap before GC invocations=83 (full 0):
 garbage-first heap   total 79872K, used 72647K [0x0000000083600000, 0x0000000100000000)
  region size 1024K, 34 young (34816K), 1 survivors (1024K)
 Metaspace       used 93447K, committed 94336K, reserved 1179648K
  class space    used 12495K, committed 13056K, reserved 1048576K
}
Event: 14604.977 GC heap after
{Heap after GC invocations=84 (full 0):
 garbage-first heap   total 79872K, used 38609K [0x0000000083600000, 0x0000000100000000)
  region size 1024K, 1 young (1024K), 1 survivors (1024K)
 Metaspace       used 93447K, committed 94336K, reserved 1179648K
  class space    used 12495K, committed 13056K, reserved 1048576K
}
Event: 14605.835 GC heap before
{Heap before GC invocations=84 (full 0):
 garbage-first heap   total 79872K, used 72401K [0x0000000083600000, 0x0000000100000000)
  region size 1024K, 34 young (34816K), 1 survivors (1024K)
 Metaspace       used 93447K, committed 94336K, reserved 1179648K
  class space    used 12495K, committed 13056K, reserved 1048576K
}
Event: 14605.836 GC heap after
{Heap after GC invocations=85 (full 0):
 garbage-first heap   total 79872K, used 38656K [0x0000000083600000, 0x0000000100000000)
  region size 1024K, 1 young (1024K), 1 survivors (1024K)
 Metaspace       used 93447K, committed 94336K, reserved 1179648K
  class space    used 12495K, committed 13056K, reserved 1048576K
}
Event: 14606.700 GC heap before
{Heap before GC invocations=86 (full 0):
 garbage-first heap   total 79872K, used 72448K [0x0000000083600000, 0x0000000100000000)
  region size 1024K, 34 young (34816K), 1 survivors (1024K)
 Metaspace       used 93447K, committed 94336K, reserved 1179648K
  class space    used 12495K, committed 13056K, reserved 1048576K
}
Event: 14606.701 GC heap after
{Heap after GC invocations=87 (full 0):
 garbage-first heap   total 79872K, used 38685K [0x0000000083600000, 0x0000000100000000)
  region size 1024K, 1 young (1024K), 1 survivors (1024K)
 Metaspace       used 93447K, committed 94336K, reserved 1179648K
  class space    used 12495K, committed 13056K, reserved 1048576K
}
Event: 14607.545 GC heap before
{Heap before GC invocations=87 (full 0):
 garbage-first heap   total 79872K, used 72477K [0x0000000083600000, 0x0000000100000000)
  region size 1024K, 34 young (34816K), 1 survivors (1024K)
 Metaspace       used 93447K, committed 94336K, reserved 1179648K
  class space    used 12495K, committed 13056K, reserved 1048576K
}
Event: 14607.546 GC heap after
{Heap after GC invocations=88 (full 0):
 garbage-first heap   total 79872K, used 38558K [0x0000000083600000, 0x0000000100000000)
  region size 1024K, 1 young (1024K), 1 survivors (1024K)
 Metaspace       used 93447K, committed 94336K, reserved 1179648K
  class space    used 12495K, committed 13056K, reserved 1048576K
}

