# JRE version: OpenJDK Runtime Environment Temurin-21.0.3+9 (21.0.3+9) (build 21.0.3+9-LTS)
# Java VM: OpenJDK 64-Bit Server VM Temurin-21.0.3+9 (21.0.3+9-LTS, mixed mode, sharing, tiered, compressed oops, compressed class ptrs, g1 gc, windows-amd64)
GC Precious Log:
 CardTable entry size: 512
 Card Set container configuration: InlinePtr #cards 5 size 8 Array Of Cards #cards 12 size 40 Howl #buckets 4 coarsen threshold 1843 Howl Bitmap #cards 512 size 80 coarsen threshold 460 Card regions per heap region 1 cards per card region 2048
 CPUs: 8 total, 8 available
 Memory: 7969M
 Large Page Support: Disabled
 NUMA Support: Disabled
 Compressed Oops: Enabled (32-bit)
 Heap Region Size: 1M
 Heap Min Capacity: 8M
 Heap Initial Capacity: 126M
 Heap Max Capacity: 1994M
 Pre-touch: Disabled
 Parallel Workers: 8
 Concurrent Workers: 2
 Concurrent Refinement Workers: 8
 Periodic GC: Disabled
Heap:
 garbage-first heap   total 130048K, used 78006K [0x0000000083600000, 0x0000000100000000)
  region size 1024K, 35 young (35840K), 1 survivors (1024K)
 Metaspace       used 106759K, committed 107648K, reserved 1179648K
  class space    used 13494K, committed 13952K, reserved 1048576K
GC Heap History (20 events):
Event: 26112.960 GC heap before
{Heap before GC invocations=112 (full 6):
 garbage-first heap   total 130048K, used 118718K [0x0000000083600000, 0x0000000100000000)
  region size 1024K, 75 young (76800K), 4 survivors (4096K)
 Metaspace       used 106805K, committed 107648K, reserved 1179648K
  class space    used 13506K, committed 13952K, reserved 1048576K
}
Event: 26112.967 GC heap after
{Heap after GC invocations=113 (full 6):
 garbage-first heap   total 130048K, used 46251K [0x0000000083600000, 0x0000000100000000)
  region size 1024K, 5 young (5120K), 5 survivors (5120K)
 Metaspace       used 106805K, committed 107648K, reserved 1179648K
  class space    used 13506K, committed 13952K, reserved 1048576K
}
Event: 26114.644 GC heap before
{Heap before GC invocations=113 (full 6):
 garbage-first heap   total 130048K, used 116907K [0x0000000083600000, 0x0000000100000000)
  region size 1024K, 74 young (75776K), 5 survivors (5120K)
 Metaspace       used 106806K, committed 107648K, reserved 1179648K
  class space    used 13507K, committed 13952K, reserved 1048576K
}
Event: 26114.652 GC heap after
{Heap after GC invocations=114 (full 6):
 garbage-first heap   total 130048K, used 45087K [0x0000000083600000, 0x0000000100000000)
  region size 1024K, 4 young (4096K), 4 survivors (4096K)
 Metaspace       used 106806K, committed 107648K, reserved 1179648K
  class space    used 13507K, committed 13952K, reserved 1048576K
}
Event: 26116.287 GC heap before
{Heap before GC invocations=114 (full 6):
 garbage-first heap   total 130048K, used 117791K [0x0000000083600000, 0x0000000100000000)
  region size 1024K, 75 young (76800K), 4 survivors (4096K)
 Metaspace       used 106807K, committed 107648K, reserved 1179648K
  class space    used 13507K, committed 13952K, reserved 1048576K
}
Event: 26116.296 GC heap after
{Heap after GC invocations=115 (full 6):
 garbage-first heap   total 130048K, used 45264K [0x0000000083600000, 0x0000000100000000)
  region size 1024K, 3 young (3072K), 3 survivors (3072K)
 Metaspace       used 106807K, committed 107648K, reserved 1179648K
  class space    used 13507K, committed 13952K, reserved 1048576K
}
Event: 26117.852 GC heap before
{Heap before GC invocations=116 (full 6):
 garbage-first heap   total 130048K, used 117968K [0x0000000083600000, 0x0000000100000000)
  region size 1024K, 75 young (76800K), 3 survivors (3072K)
 Metaspace       used 106808K, committed 107648K, reserved 1179648K
  class space    used 13507K, committed 13952K, reserved 1048576K
}
Event: 26117.858 GC heap after
{Heap after GC invocations=117 (full 6):
 garbage-first heap   total 130048K, used 45523K [0x0000000083600000, 0x0000000100000000)
  region size 1024K, 3 young (3072K), 3 survivors (3072K)
 Metaspace       used 106808K, committed 107648K, reserved 1179648K
  class space    used 13507K, committed 13952K, reserved 1048576K
}
Event: 26119.575 GC heap before
{Heap before GC invocations=117 (full 6):
 garbage-first heap   total 130048K, used 119251K [0x0000000083600000, 0x0000000100000000)
  region size 1024K, 75 young (76800K), 3 survivors (3072K)
 Metaspace       used 106813K, committed 107648K, reserved 1179648K
  class space    used 13508K, committed 13952K, reserved 1048576K
}
Event: 26119.585 GC heap after
{Heap after GC invocations=118 (full 6):
 garbage-first heap   total 130048K, used 45042K [0x0000000083600000, 0x0000000100000000)
  region size 1024K, 3 young (3072K), 3 survivors (3072K)
 Metaspace       used 106813K, committed 107648K, reserved 1179648K
  class space    used 13508K, committed 13952K, reserved 1048576K
}
Event: 26121.358 GC heap before
{Heap before GC invocations=118 (full 6):
 garbage-first heap   total 130048K, used 117746K [0x0000000083600000, 0x0000000100000000)
  region size 1024K, 75 young (76800K), 3 survivors (3072K)
 Metaspace       used 106813K, committed 107648K, reserved 1179648K
  class space    used 13508K, committed 13952K, reserved 1048576K
}
Event: 26121.364 GC heap after
{Heap after GC invocations=119 (full 6):
 garbage-first heap   total 130048K, used 44824K [0x0000000083600000, 0x0000000100000000)
  region size 1024K, 3 young (3072K), 3 survivors (3072K)
 Metaspace       used 106813K, committed 107648K, reserved 1179648K
  class space    used 13508K, committed 13952K, reserved 1048576K
}
Event: 26123.421 GC heap before
{Heap before GC invocations=120 (full 6):
 garbage-first heap   total 130048K, used 117528K [0x0000000083600000, 0x0000000100000000)
  region size 1024K, 75 young (76800K), 3 survivors (3072K)
 Metaspace       used 106754K, committed 107648K, reserved 1179648K
  class space    used 13492K, committed 13952K, reserved 1048576K
}
Event: 26123.424 GC heap after
{Heap after GC invocations=121 (full 6):
 garbage-first heap   total 130048K, used 44868K [0x0000000083600000, 0x0000000100000000)
  region size 1024K, 3 young (3072K), 3 survivors (3072K)
 Metaspace       used 106754K, committed 107648K, reserved 1179648K
  class space    used 13492K, committed 13952K, reserved 1048576K
}
Event: 26125.036 GC heap before
{Heap before GC invocations=121 (full 6):
 garbage-first heap   total 130048K, used 118596K [0x0000000083600000, 0x0000000100000000)
  region size 1024K, 75 young (76800K), 3 survivors (3072K)
 Metaspace       used 106756K, committed 107648K, reserved 1179648K
  class space    used 13493K, committed 13952K, reserved 1048576K
}
Event: 26125.047 GC heap after
{Heap after GC invocations=122 (full 6):
 garbage-first heap   total 130048K, used 44175K [0x0000000083600000, 0x0000000100000000)
  region size 1024K, 2 young (2048K), 2 survivors (2048K)
 Metaspace       used 106756K, committed 107648K, reserved 1179648K
  class space    used 13493K, committed 13952K, reserved 1048576K
}
Event: 26128.180 GC heap before
{Heap before GC invocations=122 (full 6):
 garbage-first heap   total 130048K, used 119951K [0x0000000083600000, 0x0000000100000000)
  region size 1024K, 76 young (77824K), 2 survivors (2048K)
 Metaspace       used 106759K, committed 107648K, reserved 1179648K
  class space    used 13494K, committed 13952K, reserved 1048576K
}
Event: 26128.184 GC heap after
{Heap after GC invocations=123 (full 6):
 garbage-first heap   total 130048K, used 44257K [0x0000000083600000, 0x0000000100000000)
  region size 1024K, 2 young (2048K), 2 survivors (2048K)
 Metaspace       used 106759K, committed 107648K, reserved 1179648K
  class space    used 13494K, committed 13952K, reserved 1048576K
}
Event: 26129.605 GC heap before
{Heap before GC invocations=124 (full 6):
 garbage-first heap   total 130048K, used 119009K [0x0000000083600000, 0x0000000100000000)
  region size 1024K, 75 young (76800K), 2 survivors (2048K)
 Metaspace       used 106759K, committed 107648K, reserved 1179648K
  class space    used 13494K, committed 13952K, reserved 1048576K
}
Event: 26129.609 GC heap after
{Heap after GC invocations=125 (full 6):
 garbage-first heap   total 130048K, used 44214K [0x0000000083600000, 0x0000000100000000)
  region size 1024K, 1 young (1024K), 1 survivors (1024K)
 Metaspace       used 106759K, committed 107648K, reserved 1179648K
  class space    used 13494K, committed 13952K, reserved 1048576K
}

