# JRE version: OpenJDK Runtime Environment Temurin-21.0.3+9 (21.0.3+9) (build 21.0.3+9-LTS)
# Java VM: OpenJDK 64-Bit Server VM Temurin-21.0.3+9 (21.0.3+9-LTS, mixed mode, sharing, tiered, compressed oops, compressed class ptrs, g1 gc, windows-amd64)
GC Precious Log:
 CardTable entry size: 512
 Card Set container configuration: InlinePtr #cards 5 size 8 Array Of Cards #cards 12 size 40 Howl #buckets 4 coarsen threshold 1843 Howl Bitmap #cards 512 size 80 coarsen threshold 460 Card regions per heap region 1 cards per card region 2048
 CPUs: 8 total, 8 available
 Memory: 7969M
 Large Page Support: Disabled
 NUMA Support: Disabled
 Compressed Oops: Enabled (32-bit)
 Heap Region Size: 1M
 Heap Min Capacity: 8M
 Heap Initial Capacity: 126M
 Heap Max Capacity: 1994M
 Pre-touch: Disabled
 Parallel Workers: 8
 Concurrent Workers: 2
 Concurrent Refinement Workers: 8
 Periodic GC: Disabled
Heap:
 garbage-first heap   total 91136K, used 60561K [0x0000000083600000, 0x0000000100000000)
  region size 1024K, 19 young (19456K), 3 survivors (3072K)
 Metaspace       used 88446K, committed 89280K, reserved 1179648K
  class space    used 12016K, committed 12416K, reserved 1048576K
GC Heap History (20 events):
Event: 7.202 GC heap before
{Heap before GC invocations=22 (full 0):
 garbage-first heap   total 75776K, used 57158K [0x0000000083600000, 0x0000000100000000)
  region size 1024K, 24 young (24576K), 4 survivors (4096K)
 Metaspace       used 75935K, committed 76736K, reserved 1179648K
  class space    used 10512K, committed 10880K, reserved 1048576K
}
Event: 7.205 GC heap after
{Heap after GC invocations=23 (full 0):
 garbage-first heap   total 75776K, used 37586K [0x0000000083600000, 0x0000000100000000)
  region size 1024K, 2 young (2048K), 2 survivors (2048K)
 Metaspace       used 75935K, committed 76736K, reserved 1179648K
  class space    used 10512K, committed 10880K, reserved 1048576K
}
Event: 7.570 GC heap before
{Heap before GC invocations=23 (full 0):
 garbage-first heap   total 75776K, used 67282K [0x0000000083600000, 0x0000000100000000)
  region size 1024K, 31 young (31744K), 2 survivors (2048K)
 Metaspace       used 77908K, committed 78656K, reserved 1179648K
  class space    used 10779K, committed 11136K, reserved 1048576K
}
Event: 7.573 GC heap after
{Heap after GC invocations=24 (full 0):
 garbage-first heap   total 75776K, used 39097K [0x0000000083600000, 0x0000000100000000)
  region size 1024K, 4 young (4096K), 4 survivors (4096K)
 Metaspace       used 77908K, committed 78656K, reserved 1179648K
  class space    used 10779K, committed 11136K, reserved 1048576K
}
Event: 7.905 GC heap before
{Heap before GC invocations=24 (full 0):
 garbage-first heap   total 75776K, used 65721K [0x0000000083600000, 0x0000000100000000)
  region size 1024K, 30 young (30720K), 4 survivors (4096K)
 Metaspace       used 79135K, committed 80000K, reserved 1179648K
  class space    used 10981K, committed 11392K, reserved 1048576K
}
Event: 7.908 GC heap after
{Heap after GC invocations=25 (full 0):
 garbage-first heap   total 75776K, used 41024K [0x0000000083600000, 0x0000000100000000)
  region size 1024K, 3 young (3072K), 3 survivors (3072K)
 Metaspace       used 79135K, committed 80000K, reserved 1179648K
  class space    used 10981K, committed 11392K, reserved 1048576K
}
Event: 8.218 GC heap before
{Heap before GC invocations=26 (full 0):
 garbage-first heap   total 75776K, used 66624K [0x0000000083600000, 0x0000000100000000)
  region size 1024K, 28 young (28672K), 3 survivors (3072K)
 Metaspace       used 80602K, committed 81472K, reserved 1179648K
  class space    used 11187K, committed 11584K, reserved 1048576K
}
Event: 8.222 GC heap after
{Heap after GC invocations=27 (full 0):
 garbage-first heap   total 75776K, used 43324K [0x0000000083600000, 0x0000000100000000)
  region size 1024K, 4 young (4096K), 4 survivors (4096K)
 Metaspace       used 80602K, committed 81472K, reserved 1179648K
  class space    used 11187K, committed 11584K, reserved 1048576K
}
Event: 8.457 GC heap before
{Heap before GC invocations=27 (full 0):
 garbage-first heap   total 75776K, used 65852K [0x0000000083600000, 0x0000000100000000)
  region size 1024K, 26 young (26624K), 4 survivors (4096K)
 Metaspace       used 82082K, committed 82944K, reserved 1179648K
  class space    used 11425K, committed 11840K, reserved 1048576K
}
Event: 8.461 GC heap after
{Heap after GC invocations=28 (full 0):
 garbage-first heap   total 75776K, used 44046K [0x0000000083600000, 0x0000000100000000)
  region size 1024K, 2 young (2048K), 2 survivors (2048K)
 Metaspace       used 82082K, committed 82944K, reserved 1179648K
  class space    used 11425K, committed 11840K, reserved 1048576K
}
Event: 9.468 GC heap before
{Heap before GC invocations=28 (full 0):
 garbage-first heap   total 75776K, used 66574K [0x0000000083600000, 0x0000000100000000)
  region size 1024K, 25 young (25600K), 2 survivors (2048K)
 Metaspace       used 84213K, committed 85184K, reserved 1179648K
  class space    used 11567K, committed 12032K, reserved 1048576K
}
Event: 9.470 GC heap after
{Heap after GC invocations=29 (full 0):
 garbage-first heap   total 91136K, used 44905K [0x0000000083600000, 0x0000000100000000)
  region size 1024K, 3 young (3072K), 3 survivors (3072K)
 Metaspace       used 84213K, committed 85184K, reserved 1179648K
  class space    used 11567K, committed 12032K, reserved 1048576K
}
Event: 10.286 GC heap before
{Heap before GC invocations=30 (full 0):
 garbage-first heap   total 91136K, used 81769K [0x0000000083600000, 0x0000000100000000)
  region size 1024K, 39 young (39936K), 3 survivors (3072K)
 Metaspace       used 87359K, committed 88320K, reserved 1179648K
  class space    used 12005K, committed 12416K, reserved 1048576K
}
Event: 10.290 GC heap after
{Heap after GC invocations=31 (full 0):
 garbage-first heap   total 91136K, used 46136K [0x0000000083600000, 0x0000000100000000)
  region size 1024K, 4 young (4096K), 4 survivors (4096K)
 Metaspace       used 87359K, committed 88320K, reserved 1179648K
  class space    used 12005K, committed 12416K, reserved 1048576K
}
Event: 12.983 GC heap before
{Heap before GC invocations=31 (full 0):
 garbage-first heap   total 91136K, used 79928K [0x0000000083600000, 0x0000000100000000)
  region size 1024K, 38 young (38912K), 4 survivors (4096K)
 Metaspace       used 88052K, committed 88960K, reserved 1179648K
  class space    used 12011K, committed 12416K, reserved 1048576K
}
Event: 12.988 GC heap after
{Heap after GC invocations=32 (full 0):
 garbage-first heap   total 91136K, used 45410K [0x0000000083600000, 0x0000000100000000)
  region size 1024K, 3 young (3072K), 3 survivors (3072K)
 Metaspace       used 88052K, committed 88960K, reserved 1179648K
  class space    used 12011K, committed 12416K, reserved 1048576K
}
Event: 15.330 GC heap before
{Heap before GC invocations=32 (full 0):
 garbage-first heap   total 91136K, used 81250K [0x0000000083600000, 0x0000000100000000)
  region size 1024K, 39 young (39936K), 3 survivors (3072K)
 Metaspace       used 88414K, committed 89280K, reserved 1179648K
  class space    used 12013K, committed 12416K, reserved 1048576K
}
Event: 15.334 GC heap after
{Heap after GC invocations=33 (full 0):
 garbage-first heap   total 91136K, used 45141K [0x0000000083600000, 0x0000000100000000)
  region size 1024K, 3 young (3072K), 3 survivors (3072K)
 Metaspace       used 88414K, committed 89280K, reserved 1179648K
  class space    used 12013K, committed 12416K, reserved 1048576K
}
Event: 18.095 GC heap before
{Heap before GC invocations=34 (full 0):
 garbage-first heap   total 91136K, used 80981K [0x0000000083600000, 0x0000000100000000)
  region size 1024K, 39 young (39936K), 3 survivors (3072K)
 Metaspace       used 88430K, committed 89280K, reserved 1179648K
  class space    used 12014K, committed 12416K, reserved 1048576K
}
Event: 18.098 GC heap after
{Heap after GC invocations=35 (full 0):
 garbage-first heap   total 91136K, used 45201K [0x0000000083600000, 0x0000000100000000)
  region size 1024K, 3 young (3072K), 3 survivors (3072K)
 Metaspace       used 88430K, committed 89280K, reserved 1179648K
  class space    used 12014K, committed 12416K, reserved 1048576K
}

